<?xml version="1.0" encoding="UTF-8"?>
<testng-results skipped="0" failed="0" ignored="0" total="1" passed="1">
  <reporter-output>
  </reporter-output>
  <suite name="Suite" duration-ms="28" started-at="2019-04-29T12:22:25Z" finished-at="2019-04-29T12:22:25Z">
    <groups>
    </groups>
    <test name="Test" duration-ms="28" started-at="2019-04-29T12:22:25Z" finished-at="2019-04-29T12:22:25Z">
      <class name="Mon1.MO">
        <test-method status="PASS" signature="v2()[pri:0, instance:Mon1.MO@4f4a7090]" name="v2" duration-ms="5" started-at="2019-04-29T12:22:25Z" finished-at="2019-04-29T12:22:25Z">
          <reporter-output>
          </reporter-output>
        </test-method> <!-- v2 -->
      </class> <!-- Mon1.MO -->
    </test> <!-- Test -->
  </suite> <!-- Suite -->
</testng-results>
